{"level":"error","message":"App received SIGINT event, Closing the server...."}
{"level":"error","message":"App received SIGINT event, Closing the server...."}
{"level":"error","message":"App received Sigterm event, Closing the server...."}
{"level":"error","message":"App received Sigterm event, Closing the server...."}
{"level":"error","message":"App received Sigterm event, Closing the server...."}
{"level":"error","message":"App received Sigterm event, Closing the server...."}
{"level":"error","message":"App received Sigterm event, Closing the server...."}
{"level":"error","message":"App received Sigterm event, Closing the server...."}
{"level":"error","message":"App received Sigterm event, Closing the server...."}
{"level":"error","message":"App received Sigterm event, Closing the server...."}
{"level":"error","message":"App received Sigterm event, Closing the server...."}
{"level":"error","message":"App received Sigterm event, Closing the server...."}
{"level":"error","message":"App received Sigterm event, Closing the server...."}
{"level":"error","message":"App received Sigterm event, Closing the server...."}
{"level":"error","message":"App received Sigterm event, Closing the server...."}
{"level":"error","message":"App received Sigterm event, Closing the server...."}
{"level":"error","message":"App received Sigterm event, Closing the server...."}
{"level":"error","message":"App received Sigterm event, Closing the server...."}
{"level":"error","message":"App received Sigterm event, Closing the server...."}
{"level":"error","message":"App received Sigterm event, Closing the server...."}
{"level":"error","message":"App received Sigterm event, Closing the server...."}
{"level":"error","message":"App received Sigterm event, Closing the server...."}
{"level":"error","message":"App received Sigterm event, Closing the server...."}
{"level":"error","message":"App received Sigterm event, Closing the server...."}
{"level":"error","message":"App received Sigterm event, Closing the server...."}
{"level":"error","message":"App received Sigterm event, Closing the server...."}
{"level":"error","message":"App received Sigterm event, Closing the server...."}
{"isTrusted":true,"level":"error","name":"CustomDatabaseError","statusCode":500}
{"level":"error","message":"App received Sigterm event, Closing the server...."}
{"isTrusted":true,"level":"error","name":"CustomDatabaseError","statusCode":500}
{"level":"error","message":"jjCustomDatabaseError: Undefined binding(s) detected when compiling SELECT. Undefined column(s): [phoneNumber] query: select * from \"users\" where \"phone_number\" = ?"}
{"level":"error","message":"jjCustomDatabaseError: Undefined binding(s) detected when compiling SELECT. Undefined column(s): [phoneNumber] query: select * from \"users\" where \"phone_number\" = ?"}
{"level":"error","message":"jjCustomDatabaseError: \"email\" must be a valid email"}
{"isTrusted":true,"level":"error","name":"CustomDatabaseError","statusCode":500}
{"isTrusted":true,"level":"error","name":"CustomDatabaseError","statusCode":500}
{"isTrusted":true,"level":"error","name":"CustomDatabaseError","statusCode":500}
{"isTrusted":true,"level":"error","name":"CustomDatabaseError","statusCode":500}
{"isTrusted":true,"level":"error","name":"CustomDatabaseError","statusCode":500}
{"isTrusted":true,"level":"error","name":"CustomDatabaseError","statusCode":500}
{"isTrusted":true,"level":"error","name":"CustomDatabaseError","statusCode":500}
{"isTrusted":true,"level":"error","name":"CustomDatabaseError","statusCode":500}
{"isTrusted":true,"level":"error","name":"CustomDatabaseError","statusCode":500}
{"isTrusted":true,"level":"error","name":"CustomDatabaseError","statusCode":500}
{"isTrusted":true,"level":"error","name":"CustomDatabaseError","statusCode":500}
{"isTrusted":true,"level":"error","name":"CustomDatabaseError","statusCode":500}
{"isTrusted":true,"level":"error","name":"CustomDatabaseError","statusCode":500}
{"isTrusted":true,"level":"error","name":"CustomDatabaseError","statusCode":500}
{"level":"error","message":"\"phoneNumber\" must be less than or equal to 10"}
{"level":"error","message":"\"phoneNumber\" must be less than or equal to 10"}
{"level":"error","message":"\"phoneNumber\" must be less than or equal to 10"}
{"level":"error","message":"Undefined binding(s) detected when compiling SELECT. Undefined column(s): [phoneNumber] query: select * from \"users\" where \"phone_number\" = ?"}
{"level":"error","message":"\"phoneNumber\" must be less than or equal to 10"}
{"0":"\"","1":"p","10":"e","11":"r","12":"\"","13":" ","14":"m","15":"u","16":"s","17":"t","18":" ","19":"b","2":"h","20":"e","21":" ","22":"l","23":"e","24":"s","25":"s","26":" ","27":"t","28":"h","29":"a","3":"o","30":"n","31":" ","32":"o","33":"r","34":" ","35":"e","36":"q","37":"u","38":"a","39":"l","4":"n","40":" ","41":"t","42":"o","43":" ","44":"1","45":"0","5":"e","6":"N","7":"u","8":"m","9":"b","level":"error","message":"CustomDatabaseError"}
{"level":"error","message":"CustomDatabaseError: \"phoneNumber\" must be less than or equal to 10\"phoneNumber\" must be less than or equal to 10"}
{"isTrusted":true,"level":"error","name":"CustomDatabaseError","statusCode":500}
{"level":"error","message":"\"phoneNumber\" must be less than or equal to 10"}
{"level":"error","message":"\"phoneNumber\" must be less than or equal to 10"}
{"level":"error","message":"\"password\" with value \"9100975c338ec1105843fdb6890e92393a0fbc6996110cc97ff7540b381574831c86e7c94f9af045dc68bd3c31c0c1c2716d60748b683afec9cb934528e00973\" fails to match the required pattern: /^(?=.*d)(?=.*[a-z])(?=.*[A-Z])(?=.*[a-zA-Z]).{8,20}$/"}
{"level":"error","message":"\"password\" with value \"3669fed7edb5fdd8cae6f2d1093345fe0af6d7895ab0d5c20339578390cb7616da086999e582b5a95c4315eb565228f1e3ad727c37e49477d5812b60f84f6c08\" fails to match the required pattern: /^(?=.*d)(?=.*[a-z])(?=.*[A-Z])(?=.*[a-zA-Z]).{8,20}$/"}
{"level":"error","message":"\"password\" with value \"68359080b108e4a94b3681b10041100cd3dc2c741e2b60cdbce157a34598f949c8b0a0d59a3768aff425e241f666dab40900c5b212c06d299c42e78c63badf94\" fails to match the required pattern: /^(?=.*d)(?=.*[a-z])(?=.*[A-Z])(?=.*[a-zA-Z]).{8,20}$/"}
{"level":"error","message":"insert into \"users\" (\"active\", \"email\", \"first_name\", \"id\", \"last_name\", \"password\", \"phone_number\", \"repeat_password\", \"salt\", \"user_name\", \"whatsapp_number\") values ($1, $2, $3, $4, $5, $6, $7, $8, $9, $10, $11) returning \"id\" - column \"repeat_password\" of relation \"users\" does not exist"}
{"level":"error","message":"insert into \"users\" (\"active\", \"email\", \"first_name\", \"id\", \"last_name\", \"password\", \"phone_number\", \"repeat_password\", \"salt\", \"user_name\", \"whatsapp_number\") values ($1, $2, $3, $4, $5, $6, $7, $8, $9, $10, $11) returning \"id\" - column \"repeat_password\" of relation \"users\" does not exist"}
{"level":"error","message":"\"password\" with value \"ad5d7291a8bcd252c30d44d9d93077cb6424f1304b69121d65453b316cab1bc6bd101704a84aeafc7ae5159ffd60b356012643683235e8ab04cff4b664e0c5a2\" fails to match the required pattern: /^(?=.*d)(?=.*[a-z])(?=.*[A-Z])(?=.*[a-zA-Z]).{8,20}$/"}
{"level":"error","message":"Error Handler received a none error instance with value - [Error [ValidationError]: \"id\" is required] {\n  _original: {\n    whatsappNumber: 111111111,\n    userName: 'special',\n    email: 'my@gmail.com',\n    firstName: 'Mine',\n    lastName: 'you',\n    password: 'somepassword@123',\n    active: true,\n    phoneNumber: 1234567898,\n    repeatPassword: 'somepassword@123'\n  },\n  details: [\n    {\n      message: '\"id\" is required',\n      path: [Array],\n      type: 'any.required',\n      context: [Object]\n    }\n  ]\n}"}
{"level":"error","message":"Error Handler received a none error instance with value - [Error [ValidationError]: \"phoneNumber\" must be less than or equal to 10] {\n  _original: {\n    whatsappNumber: 111111111,\n    userName: 'special',\n    email: 'my@gmail.com',\n    firstName: 'Mine',\n    lastName: 'you',\n    password: 'somepassword@123',\n    active: true,\n    phoneNumber: 1234567898,\n    repeatPassword: 'somepassword@123'\n  },\n  details: [\n    {\n      message: '\"phoneNumber\" must be less than or equal to 10',\n      path: [Array],\n      type: 'number.max',\n      context: [Object]\n    }\n  ]\n}"}
{"level":"error","message":"Error Handler received a none error instance with value - [Error [ValidationError]: \"phoneNumber\" must be less than or equal to 10] {\n  _original: {\n    whatsappNumber: 111111111,\n    userName: 'special',\n    email: 'my@gmail.com',\n    firstName: 'Mine',\n    lastName: 'you',\n    password: 'somepassword@123',\n    active: true,\n    phoneNumber: 1234567898,\n    repeatPassword: 'somepassword@123'\n  },\n  details: [\n    {\n      message: '\"phoneNumber\" must be less than or equal to 10',\n      path: [Array],\n      type: 'number.max',\n      context: [Object]\n    }\n  ]\n}"}
{"level":"error","message":"Error Handler received a none error instance with value - [Error [ValidationError]: \"salt\" is required] {\n  _original: {\n    whatsappNumber: 111111111,\n    userName: 'special',\n    email: 'my@gmail.com',\n    firstName: 'Mine',\n    lastName: 'you',\n    password: 'somepassword@123',\n    active: true,\n    phoneNumber: 1234567898,\n    repeatPassword: 'somepassword@123'\n  },\n  details: [\n    {\n      message: '\"salt\" is required',\n      path: [Array],\n      type: 'any.required',\n      context: [Object]\n    }\n  ]\n}"}
{"level":"error","message":"Error Handler received a none error instance with value - [Error [ValidationError]: \"password\" with value \"somepassword@123\" fails to match the required pattern: /^(?=.*d)(?=.*[a-z])(?=.*[A-Z])(?=.*[a-zA-Z]).{8,20}$/] {\n  _original: {\n    whatsappNumber: 111111111,\n    userName: 'special',\n    email: 'my@gmail.com',\n    firstName: 'Mine',\n    lastName: 'you',\n    password: 'somepassword@123',\n    active: true,\n    phoneNumber: 1234567898,\n    repeatPassword: 'somepassword@123'\n  },\n  details: [\n    {\n      message: '\"password\" with value \"somepassword@123\" fails to match the required pattern: /^(?=.*d)(?=.*[a-z])(?=.*[A-Z])(?=.*[a-zA-Z]).{8,20}$/',\n      path: [Array],\n      type: 'string.pattern.base',\n      context: [Object]\n    }\n  ]\n}"}
{"level":"error","message":"insert into \"users\" (\"active\", \"email\", \"first_name\", \"id\", \"last_name\", \"password\", \"phone_number\", \"salt\", \"user_name\", \"whatsapp_number\") values ($1, $2, $3, $4, $5, $6, $7, $8, $9, $10) returning \"id\" - duplicate key value violates unique constraint \"users_user_name_unique\""}
{"level":"error","message":"insert into \"users\" (\"active\", \"email\", \"first_name\", \"id\", \"last_name\", \"password\", \"phone_number\", \"salt\", \"user_name\", \"whatsapp_number\") values ($1, $2, $3, $4, $5, $6, $7, $8, $9, $10) returning \"id\" - duplicate key value violates unique constraint \"users_email_unique\""}
{"level":"error","message":"insert into \"users\" (\"active\", \"email\", \"first_name\", \"id\", \"last_name\", \"password\", \"phone_number\", \"salt\", \"user_name\", \"whatsapp_number\") values ($1, $2, $3, $4, $5, $6, $7, $8, $9, $10) returning \"id\" - duplicate key value violates unique constraint \"users_email_unique\""}
{"level":"error","message":"User with this phone number is already registered"}
{"level":"error","message":"User with this phone number is already registered"}
{"level":"error","message":"User with this phone number is already registered"}
{"level":"error","message":"User with this phone number is already registered"}
{"level":"error","message":"User with this phone number is already registered"}
{"level":"error","message":"User with this phone number is already registered"}
{"level":"error","message":"App received Sigterm event, Closing the server...."}
{"level":"error","message":"User with this phone number is already registered"}
{"level":"error","message":"User with this phone number is already registered"}
{"level":"error","message":"UserInputError: User with this phone number is already registered\n    at addUser (/GuriRaadi/src/controller/user_controller.ts:32:13)\n    at processTicksAndRejections (node:internal/process/task_queues:96:5)\n    at async /GuriRaadi/src/entry/user_routes.ts:14:25"}
{"level":"error","message":"UserInputError: User with this phone number is already registered\n    at addUser (/GuriRaadi/src/controller/user_controller.ts:32:13)\n    at processTicksAndRejections (node:internal/process/task_queues:96:5)\n    at async /GuriRaadi/src/entry/user_routes.ts:14:25"}
{"level":"error","message":"UserInputError: User with this phone number is already registered\n    at addUser (/GuriRaadi/src/controller/user_controller.ts:32:13)\n    at processTicksAndRejections (node:internal/process/task_queues:96:5)\n    at async /GuriRaadi/src/entry/user_routes.ts:14:25"}
{"level":"error","message":"BaseError: Error Handler received a none error instance with value - 'this oneUserInputError: User with this phone number is already registered'\n    at normalizeError (/GuriRaadi/src/lib/error_handler.ts:54:10)\n    at Object.handleError (/GuriRaadi/src/lib/error_handler.ts:27:35)\n    at process.<anonymous> (/GuriRaadi/src/lib/error_handler.ts:13:26)\n    at process.emit (node:events:513:28)\n    at process.emit (node:domain:489:12)\n    at process.emit.sharedData.processEmitHook.installedValue [as emit] (/GuriRaadi/node_modules/@cspotcode/source-map-support/source-map-support.js:745:40)\n    at emit (node:internal/process/promises:140:20)\n    at processPromiseRejections (node:internal/process/promises:274:27)\n    at processTicksAndRejections (node:internal/process/task_queues:97:32)"}
{"level":"error","message":"UserInputError: User with this phone number is already registered\n    at addUser (/GuriRaadi/src/controller/user_controller.ts:32:13)\n    at processTicksAndRejections (node:internal/process/task_queues:96:5)\n    at async /GuriRaadi/src/entry/user_routes.ts:14:25"}
{"level":"error","message":"BaseError: Error Handler received a none error instance with value - Error [ERR_HTTP_HEADERS_SENT]: Cannot set headers after they are sent to the client\n    at new NodeError (node:internal/errors:387:5)\n    at ServerResponse.setHeader (node:_http_outgoing:644:11)\n    at ServerResponse.header (/GuriRaadi/node_modules/express/lib/response.js:794:10)\n    at ServerResponse.json (/GuriRaadi/node_modules/express/lib/response.js:275:10)\n    at /GuriRaadi/src/entry/user_routes.ts:17:7\n    at processTicksAndRejections (node:internal/process/task_queues:96:5) {\n  code: 'ERR_HTTP_HEADERS_SENT'\n}\n    at normalizeError (/GuriRaadi/src/lib/error_handler.ts:54:10)\n    at Object.handleError (/GuriRaadi/src/lib/error_handler.ts:27:35)\n    at process.<anonymous> (/GuriRaadi/src/lib/error_handler.ts:13:20)\n    at process.emit (node:events:513:28)\n    at process.emit (node:domain:489:12)\n    at process.emit.sharedData.processEmitHook.installedValue [as emit] (/GuriRaadi/node_modules/@cspotcode/source-map-support/source-map-support.js:745:40)\n    at emit (node:internal/process/promises:140:20)\n    at processPromiseRejections (node:internal/process/promises:274:27)\n    at processTicksAndRejections (node:internal/process/task_queues:97:32)"}
{"level":"error","message":"Error Handler received a none error instance with value - Error [ERR_HTTP_HEADERS_SENT]: Cannot set headers after they are sent to the client\n    at new NodeError (node:internal/errors:387:5)\n    at ServerResponse.setHeader (node:_http_outgoing:644:11)\n    at ServerResponse.header (/GuriRaadi/node_modules/express/lib/response.js:794:10)\n    at ServerResponse.json (/GuriRaadi/node_modules/express/lib/response.js:275:10)\n    at /GuriRaadi/src/entry/user_routes.ts:17:7\n    at processTicksAndRejections (node:internal/process/task_queues:96:5) {\n  code: 'ERR_HTTP_HEADERS_SENT'\n}"}
{"level":"error","message":"User with this phone number is already registered"}
{"level":"error","message":"User with this phone number is already registered"}
{"level":"error","message":"User with this phone number is already registered"}
{"level":"error","message":"User with this phone number is already registered"}
{"level":"error","message":"Error Handler received a none error instance with value - TypeError: Cannot destructure property 'data' of '(intermediate value)' as it is null.\n    at /GuriRaadi/src/entry/user_routes.ts:15:11\n    at processTicksAndRejections (node:internal/process/task_queues:96:5)"}
{"level":"error","message":"User with this phone number is already registered"}
{"level":"error","message":"Error Handler received a none error instance with value - Error [ERR_HTTP_HEADERS_SENT]: Cannot set headers after they are sent to the client\n    at new NodeError (node:internal/errors:387:5)\n    at ServerResponse.setHeader (node:_http_outgoing:644:11)\n    at ServerResponse.header (/GuriRaadi/node_modules/express/lib/response.js:794:10)\n    at ServerResponse.json (/GuriRaadi/node_modules/express/lib/response.js:275:10)\n    at /GuriRaadi/src/entry/user_routes.ts:18:7\n    at processTicksAndRejections (node:internal/process/task_queues:96:5) {\n  code: 'ERR_HTTP_HEADERS_SENT'\n}"}
{"level":"error","message":"User with this phone number is already registered"}
{"level":"error","message":"Error Handler received a none error instance with value - Error [ERR_HTTP_HEADERS_SENT]: Cannot set headers after they are sent to the client\n    at new NodeError (node:internal/errors:387:5)\n    at ServerResponse.setHeader (node:_http_outgoing:644:11)\n    at ServerResponse.header (/GuriRaadi/node_modules/express/lib/response.js:794:10)\n    at ServerResponse.json (/GuriRaadi/node_modules/express/lib/response.js:275:10)\n    at /GuriRaadi/src/entry/user_routes.ts:18:7\n    at processTicksAndRejections (node:internal/process/task_queues:96:5) {\n  code: 'ERR_HTTP_HEADERS_SENT'\n}"}
{"level":"error","message":"User with this phone number is already registered"}
{"level":"error","message":"User with this phone number is already registered"}
{"level":"error","message":"User with this phone number is already registered"}
{"level":"error","message":"User with this phone number is already registered"}
{"level":"error","message":"Error Handler received a none error instance with value - TypeError [ERR_INVALID_ARG_TYPE]: The \"chunk\" argument must be of type string or an instance of Buffer or Uint8Array. Received an instance of Object\n    at new NodeError (node:internal/errors:387:5)\n    at write_ (node:_http_outgoing:843:11)\n    at ServerResponse.end (node:_http_outgoing:977:5)\n    at /GuriRaadi/src/entry/server.ts:60:10\n    at Layer.handle_error (/GuriRaadi/node_modules/express/lib/router/layer.js:71:5)\n    at trim_prefix (/GuriRaadi/node_modules/express/lib/router/index.js:326:13)\n    at /GuriRaadi/node_modules/express/lib/router/index.js:286:9\n    at Function.process_params (/GuriRaadi/node_modules/express/lib/router/index.js:346:12)\n    at next (/GuriRaadi/node_modules/express/lib/router/index.js:280:10)\n    at /GuriRaadi/node_modules/express/lib/router/index.js:646:15 {\n  code: 'ERR_INVALID_ARG_TYPE'\n}"}
{"level":"error","message":"User with this phone number is already registered"}
{"level":"error","message":"insert into \"users\" (\"active\", \"email\", \"first_name\", \"id\", \"last_name\", \"password\", \"phone_number\", \"salt\", \"user_name\", \"whatsapp_number\") values ($1, $2, $3, $4, $5, $6, $7, $8, $9, $10) returning \"id\" - duplicate key value violates unique constraint \"users_user_name_unique\""}
{"level":"error","message":"insert into \"users\" (\"active\", \"email\", \"first_name\", \"id\", \"last_name\", \"password\", \"phone_number\", \"salt\", \"user_name\", \"whatsapp_number\") values ($1, $2, $3, $4, $5, $6, $7, $8, $9, $10) returning \"id\" - duplicate key value violates unique constraint \"users_email_unique\""}
{"level":"error","message":"Error Handler received a none error instance with value - [Error [ValidationError]: \"phoneNumber\" must be less than or equal to 10] {\n  _original: {\n    whatsappNumber: 111111118,\n    userName: 'special5',\n    email: 'my24@gmail.com',\n    firstName: 'Mine',\n    lastName: 'you',\n    password: 'Somepassword@123',\n    active: true,\n    phoneNumber: 1234,\n    repeatPassword: 'Somepassword@123'\n  },\n  details: [\n    {\n      message: '\"phoneNumber\" must be less than or equal to 10',\n      path: [Array],\n      type: 'number.max',\n      context: [Object]\n    }\n  ],\n  isTrusted: true\n}"}
{"level":"error","message":"Error Handler received a none error instance with value - [Error [ValidationError]: \"phoneNumber\" must be less than or equal to 10] {\n  _original: {\n    whatsappNumber: 111111118,\n    userName: 'special5',\n    email: 'my24@gmail.com',\n    firstName: 'Mine',\n    lastName: 'you',\n    password: 'Somepassword@123',\n    active: true,\n    phoneNumber: 1234567890,\n    repeatPassword: 'Somepassword@123'\n  },\n  details: [\n    {\n      message: '\"phoneNumber\" must be less than or equal to 10',\n      path: [Array],\n      type: 'number.max',\n      context: [Object]\n    }\n  ],\n  isTrusted: true\n}"}
{"level":"error","message":"Error Handler received a none error instance with value - [Error [ValidationError]: \"phoneNumber\" failed custom validation because Cannot read properties of undefined (reading 'presence')] {\n  _original: {\n    whatsappNumber: ' 111111118',\n    userName: 'special5',\n    email: 'my24@gmail.com',\n    firstName: 'Mine',\n    lastName: 'you',\n    password: 'Somepassword@123',\n    active: true,\n    phoneNumber: '1234567890',\n    repeatPassword: 'Somepassword@123'\n  },\n  details: [\n    {\n      message: `\"phoneNumber\" failed custom validation because Cannot read properties of undefined (reading 'presence')`,\n      path: [Array],\n      type: 'any.custom',\n      context: [Object]\n    }\n  ],\n  isTrusted: true\n}"}
{"level":"error","message":"User with this phone number is already registered"}
{"level":"error","message":"insert into \"users\" (\"active\", \"email\", \"first_name\", \"id\", \"last_name\", \"password\", \"phone_number\", \"salt\", \"user_name\", \"whatsapp_number\") values ($1, $2, $3, $4, $5, $6, $7, $8, $9, $10) returning \"id\" - duplicate key value violates unique constraint \"users_user_name_unique\""}
{"level":"error","message":"insert into \"users\" (\"active\", \"email\", \"first_name\", \"id\", \"last_name\", \"password\", \"phone_number\", \"salt\", \"user_name\", \"whatsapp_number\") values ($1, $2, $3, $4, $5, $6, $7, $8, $9, $10) returning \"id\" - duplicate key value violates unique constraint \"users_email_unique\""}
{"level":"error","message":"Error Handler received a none error instance with value - [Error [ValidationError]: \"active\" is not allowed] {\n  _original: {\n    whatsappNumber: ' 111111118',\n    userName: 'speci5',\n    email: 'my242@gmail.com',\n    firstName: 'Mine',\n    lastName: 'you',\n    password: 'Somepassword@123',\n    active: true,\n    phoneNumber: '123456789',\n    repeatPassword: 'Somepassword@123'\n  },\n  details: [\n    {\n      message: '\"active\" is not allowed',\n      path: [Array],\n      type: 'object.unknown',\n      context: [Object]\n    }\n  ],\n  isTrusted: true\n}"}
{"level":"error","message":"Error Handler received a none error instance with value - Error [ERR_HTTP_HEADERS_SENT]: Cannot set headers after they are sent to the client\n    at new NodeError (node:internal/errors:387:5)\n    at ServerResponse.setHeader (node:_http_outgoing:644:11)\n    at ServerResponse.header (/GuriRaadi/node_modules/express/lib/response.js:794:10)\n    at ServerResponse.send (/GuriRaadi/node_modules/express/lib/response.js:174:12)\n    at ServerResponse.json (/GuriRaadi/node_modules/express/lib/response.js:278:15)\n    at /GuriRaadi/src/entry/user_routes.ts:16:9\n    at processTicksAndRejections (node:internal/process/task_queues:96:5) {\n  code: 'ERR_HTTP_HEADERS_SENT'\n}"}
{"level":"error","message":"User with this phone number is already registered"}
{"level":"error","message":"Error Handler received a none error instance with value - Error [ERR_HTTP_HEADERS_SENT]: Cannot set headers after they are sent to the client\n    at new NodeError (node:internal/errors:387:5)\n    at ServerResponse.setHeader (node:_http_outgoing:644:11)\n    at ServerResponse.header (/GuriRaadi/node_modules/express/lib/response.js:794:10)\n    at ServerResponse.send (/GuriRaadi/node_modules/express/lib/response.js:174:12)\n    at ServerResponse.json (/GuriRaadi/node_modules/express/lib/response.js:278:15)\n    at /GuriRaadi/src/entry/user_routes.ts:16:9\n    at processTicksAndRejections (node:internal/process/task_queues:96:5) {\n  code: 'ERR_HTTP_HEADERS_SENT'\n}"}
{"level":"error","message":"Error Handler received a none error instance with value - MulterError: Unexpected field\n    at wrappedFileFilter (/GuriRaadi/node_modules/multer/index.js:40:19)\n    at Multipart.<anonymous> (/GuriRaadi/node_modules/multer/lib/make-middleware.js:107:7)\n    at Multipart.emit (node:events:513:28)\n    at Multipart.emit (node:domain:489:12)\n    at HeaderParser.cb (/GuriRaadi/node_modules/busboy/lib/types/multipart.js:358:14)\n    at HeaderParser.push (/GuriRaadi/node_modules/busboy/lib/types/multipart.js:162:20)\n    at SBMH.ssCb [as _cb] (/GuriRaadi/node_modules/busboy/lib/types/multipart.js:394:37)\n    at feed (/GuriRaadi/node_modules/streamsearch/lib/sbmh.js:248:10)\n    at SBMH.push (/GuriRaadi/node_modules/streamsearch/lib/sbmh.js:104:16)\n    at Multipart._write (/GuriRaadi/node_modules/busboy/lib/types/multipart.js:567:19) {\n  code: 'LIMIT_UNEXPECTED_FILE',\n  storageErrors: [],\n  isTrusted: true\n}"}
{"level":"error","message":"Error Handler received a none error instance with value - TypeError: Cannot read properties of undefined (reading 'push')\n    at /GuriRaadi/src/entry/home_routes.ts:28:30\n    at Array.map (<anonymous>)\n    at /GuriRaadi/src/entry/home_routes.ts:27:11\n    at Layer.handle [as handle_request] (/GuriRaadi/node_modules/express/lib/router/layer.js:95:5)\n    at next (/GuriRaadi/node_modules/express/lib/router/route.js:144:13)\n    at complete (/GuriRaadi/node_modules/passport/lib/middleware/authenticate.js:271:13)\n    at /GuriRaadi/node_modules/passport/lib/middleware/authenticate.js:278:15\n    at pass (/GuriRaadi/node_modules/passport/lib/authenticator.js:428:14)\n    at Authenticator.transformAuthInfo (/GuriRaadi/node_modules/passport/lib/authenticator.js:450:5)\n    at /GuriRaadi/node_modules/passport/lib/middleware/authenticate.js:275:22"}
{"level":"error","message":"Error Handler received a none error instance with value - TypeError: Cannot read properties of undefined (reading 'push')\n    at /GuriRaadi/src/entry/home_routes.ts:31:30\n    at Array.map (<anonymous>)\n    at /GuriRaadi/src/entry/home_routes.ts:30:11\n    at Layer.handle [as handle_request] (/GuriRaadi/node_modules/express/lib/router/layer.js:95:5)\n    at next (/GuriRaadi/node_modules/express/lib/router/route.js:144:13)\n    at complete (/GuriRaadi/node_modules/passport/lib/middleware/authenticate.js:271:13)\n    at /GuriRaadi/node_modules/passport/lib/middleware/authenticate.js:278:15\n    at pass (/GuriRaadi/node_modules/passport/lib/authenticator.js:428:14)\n    at Authenticator.transformAuthInfo (/GuriRaadi/node_modules/passport/lib/authenticator.js:450:5)\n    at /GuriRaadi/node_modules/passport/lib/middleware/authenticate.js:275:22"}
{"level":"error","message":"Error Handler received a none error instance with value - TypeError: The operator \"undefined\" is not permitted\n    at operator (/GuriRaadi/node_modules/knex/lib/formatter/wrappingFormatter.js:132:11)\n    at QueryCompiler_PG.whereBasic (/GuriRaadi/node_modules/knex/lib/query/querycompiler.js:1057:7)\n    at QueryCompiler_PG.where (/GuriRaadi/node_modules/knex/lib/query/querycompiler.js:573:34)\n    at QueryCompiler_PG.update (/GuriRaadi/node_modules/knex/lib/dialects/postgres/query/pg-querycompiler.js:52:25)\n    at QueryCompiler_PG.toSQL (/GuriRaadi/node_modules/knex/lib/query/querycompiler.js:73:29)\n    at QueryBuilder_PostgreSQL.toSQL (/GuriRaadi/node_modules/knex/lib/query/querybuilder.js:83:44)\n    at ensureConnectionCallback (/GuriRaadi/node_modules/knex/lib/execution/internal/ensure-connection-callback.js:4:30)\n    at Runner.ensureConnection (/GuriRaadi/node_modules/knex/lib/execution/runner.js:300:20)\n    at processTicksAndRejections (node:internal/process/task_queues:96:5)\n    at async Runner.run (/GuriRaadi/node_modules/knex/lib/execution/runner.js:30:19) {\n  isTrusted: true\n}"}
{"level":"error","message":"Error Handler received a none error instance with value - Error [ERR_HTTP_HEADERS_SENT]: Cannot set headers after they are sent to the client\n    at new NodeError (node:internal/errors:387:5)\n    at ServerResponse.setHeader (node:_http_outgoing:644:11)\n    at ServerResponse.header (/GuriRaadi/node_modules/express/lib/response.js:794:10)\n    at ServerResponse.send (/GuriRaadi/node_modules/express/lib/response.js:174:12)\n    at ServerResponse.json (/GuriRaadi/node_modules/express/lib/response.js:278:15)\n    at /GuriRaadi/src/entry/home_routes.ts:35:11\n    at processTicksAndRejections (node:internal/process/task_queues:96:5) {\n  code: 'ERR_HTTP_HEADERS_SENT'\n}"}
{"level":"error","message":"Error Handler received a none error instance with value - [Error: ENOENT: no such file or directory, open '16e8665e-96ee-461e-9f60-5582d4322dc0//public/tmp/uploads/71bdeb5823453a23f554400871a4fe19/71bdeb5823453a23f554400871a4fe19'] {\n  errno: -2,\n  code: 'ENOENT',\n  syscall: 'open',\n  path: '16e8665e-96ee-461e-9f60-5582d4322dc0//public/tmp/uploads/71bdeb5823453a23f554400871a4fe19/71bdeb5823453a23f554400871a4fe19'\n}"}
{"level":"error","message":"Error Handler received a none error instance with value - [Error: ENOENT: no such file or directory, open '16e8665e-96ee-461e-9f60-5582d4322dc0//public/tmp/uploads/b195f66801532427a8728ebcf6635db6/b195f66801532427a8728ebcf6635db6'] {\n  errno: -2,\n  code: 'ENOENT',\n  syscall: 'open',\n  path: '16e8665e-96ee-461e-9f60-5582d4322dc0//public/tmp/uploads/b195f66801532427a8728ebcf6635db6/b195f66801532427a8728ebcf6635db6'\n}"}
{"level":"error","message":"Error Handler received a none error instance with value - TypeError: The operator \"undefined\" is not permitted\n    at operator (/GuriRaadi/node_modules/knex/lib/formatter/wrappingFormatter.js:132:11)\n    at QueryCompiler_PG.whereBasic (/GuriRaadi/node_modules/knex/lib/query/querycompiler.js:1057:7)\n    at QueryCompiler_PG.where (/GuriRaadi/node_modules/knex/lib/query/querycompiler.js:573:34)\n    at QueryCompiler_PG.update (/GuriRaadi/node_modules/knex/lib/dialects/postgres/query/pg-querycompiler.js:52:25)\n    at QueryCompiler_PG.toSQL (/GuriRaadi/node_modules/knex/lib/query/querycompiler.js:73:29)\n    at QueryBuilder_PostgreSQL.toSQL (/GuriRaadi/node_modules/knex/lib/query/querybuilder.js:83:44)\n    at ensureConnectionCallback (/GuriRaadi/node_modules/knex/lib/execution/internal/ensure-connection-callback.js:4:30)\n    at Runner.ensureConnection (/GuriRaadi/node_modules/knex/lib/execution/runner.js:300:20)\n    at processTicksAndRejections (node:internal/process/task_queues:96:5)\n    at async Runner.run (/GuriRaadi/node_modules/knex/lib/execution/runner.js:30:19) {\n  isTrusted: true\n}"}
{"level":"error","message":"Error Handler received a none error instance with value - Error [ERR_HTTP_HEADERS_SENT]: Cannot set headers after they are sent to the client\n    at new NodeError (node:internal/errors:387:5)\n    at ServerResponse.setHeader (node:_http_outgoing:644:11)\n    at ServerResponse.header (/GuriRaadi/node_modules/express/lib/response.js:794:10)\n    at ServerResponse.send (/GuriRaadi/node_modules/express/lib/response.js:174:12)\n    at ServerResponse.json (/GuriRaadi/node_modules/express/lib/response.js:278:15)\n    at /GuriRaadi/src/entry/home_routes.ts:35:11\n    at processTicksAndRejections (node:internal/process/task_queues:96:5) {\n  code: 'ERR_HTTP_HEADERS_SENT'\n}"}
{"level":"error","message":"Error Handler received a none error instance with value - [Error: ENOENT: no such file or directory, open '63739a39-0fdf-4703-b4d3-36bf1ac62f38//public/tmp/uploads/b4502cfbae4358de85ee6f497e3ac821/b4502cfbae4358de85ee6f497e3ac821'] {\n  errno: -2,\n  code: 'ENOENT',\n  syscall: 'open',\n  path: '63739a39-0fdf-4703-b4d3-36bf1ac62f38//public/tmp/uploads/b4502cfbae4358de85ee6f497e3ac821/b4502cfbae4358de85ee6f497e3ac821'\n}"}
{"level":"error","message":"Error Handler received a none error instance with value - [Error: ENOENT: no such file or directory, open '63739a39-0fdf-4703-b4d3-36bf1ac62f38//public/tmp/uploads/753126e3f12d79c1fb64609e506ff7ec/753126e3f12d79c1fb64609e506ff7ec'] {\n  errno: -2,\n  code: 'ENOENT',\n  syscall: 'open',\n  path: '63739a39-0fdf-4703-b4d3-36bf1ac62f38//public/tmp/uploads/753126e3f12d79c1fb64609e506ff7ec/753126e3f12d79c1fb64609e506ff7ec'\n}"}
{"level":"error","message":"Error Handler received a none error instance with value - TypeError: The operator \"undefined\" is not permitted\n    at operator (/GuriRaadi/node_modules/knex/lib/formatter/wrappingFormatter.js:132:11)\n    at QueryCompiler_PG.whereBasic (/GuriRaadi/node_modules/knex/lib/query/querycompiler.js:1057:7)\n    at QueryCompiler_PG.where (/GuriRaadi/node_modules/knex/lib/query/querycompiler.js:573:34)\n    at QueryCompiler_PG.update (/GuriRaadi/node_modules/knex/lib/dialects/postgres/query/pg-querycompiler.js:52:25)\n    at QueryCompiler_PG.toSQL (/GuriRaadi/node_modules/knex/lib/query/querycompiler.js:73:29)\n    at QueryBuilder_PostgreSQL.toSQL (/GuriRaadi/node_modules/knex/lib/query/querybuilder.js:83:44)\n    at ensureConnectionCallback (/GuriRaadi/node_modules/knex/lib/execution/internal/ensure-connection-callback.js:4:30)\n    at Runner.ensureConnection (/GuriRaadi/node_modules/knex/lib/execution/runner.js:300:20)\n    at processTicksAndRejections (node:internal/process/task_queues:96:5)\n    at async Runner.run (/GuriRaadi/node_modules/knex/lib/execution/runner.js:30:19) {\n  isTrusted: true\n}"}
{"level":"error","message":"Error Handler received a none error instance with value - Error [ERR_HTTP_HEADERS_SENT]: Cannot set headers after they are sent to the client\n    at new NodeError (node:internal/errors:387:5)\n    at ServerResponse.setHeader (node:_http_outgoing:644:11)\n    at ServerResponse.header (/GuriRaadi/node_modules/express/lib/response.js:794:10)\n    at ServerResponse.send (/GuriRaadi/node_modules/express/lib/response.js:174:12)\n    at ServerResponse.json (/GuriRaadi/node_modules/express/lib/response.js:278:15)\n    at /GuriRaadi/src/entry/home_routes.ts:35:11\n    at processTicksAndRejections (node:internal/process/task_queues:96:5) {\n  code: 'ERR_HTTP_HEADERS_SENT'\n}"}
{"level":"error","message":"Error Handler received a none error instance with value - [Error: ENOTDIR: not a directory, open '/public/tmp/uploads/17761475eb73e784bb27745ed2a27e34/17761475eb73e784bb27745ed2a27e34'] {\n  errno: -20,\n  code: 'ENOTDIR',\n  syscall: 'open',\n  path: '/public/tmp/uploads/17761475eb73e784bb27745ed2a27e34/17761475eb73e784bb27745ed2a27e34'\n}"}
{"level":"error","message":"Error Handler received a none error instance with value - [Error: ENOTDIR: not a directory, open '/public/tmp/uploads/6fb83883cc0e024acfd30e77d4792633/6fb83883cc0e024acfd30e77d4792633'] {\n  errno: -20,\n  code: 'ENOTDIR',\n  syscall: 'open',\n  path: '/public/tmp/uploads/6fb83883cc0e024acfd30e77d4792633/6fb83883cc0e024acfd30e77d4792633'\n}"}
{"level":"error","message":"Error Handler received a none error instance with value - [Error: ENOTDIR: not a directory, open '/public/tmp/uploads/350fdb4dd5e044185574484080c8523e/350fdb4dd5e044185574484080c8523e'] {\n  errno: -20,\n  code: 'ENOTDIR',\n  syscall: 'open',\n  path: '/public/tmp/uploads/350fdb4dd5e044185574484080c8523e/350fdb4dd5e044185574484080c8523e'\n}"}
{"level":"error","message":"Error Handler received a none error instance with value - [Error: ENOTDIR: not a directory, open '/public/tmp/uploads/9583e1f08b5f9ba0ec7b5615baa12dfc/9583e1f08b5f9ba0ec7b5615baa12dfc'] {\n  errno: -20,\n  code: 'ENOTDIR',\n  syscall: 'open',\n  path: '/public/tmp/uploads/9583e1f08b5f9ba0ec7b5615baa12dfc/9583e1f08b5f9ba0ec7b5615baa12dfc'\n}"}
{"level":"error","message":"Error Handler received a none error instance with value - [Error: ENOTDIR: not a directory, open '/GuriRaadi/public/tmp/uploads/e6c8997eeaa6468f2c5054a0ef5fbb76/e6c8997eeaa6468f2c5054a0ef5fbb76'] {\n  errno: -20,\n  code: 'ENOTDIR',\n  syscall: 'open',\n  path: '/GuriRaadi/public/tmp/uploads/e6c8997eeaa6468f2c5054a0ef5fbb76/e6c8997eeaa6468f2c5054a0ef5fbb76'\n}"}
{"level":"error","message":"Error Handler received a none error instance with value - [Error: ENOTDIR: not a directory, open '/GuriRaadi/public/tmp/uploads/3c4827d171ef80965094c99c4b9c1c39/3c4827d171ef80965094c99c4b9c1c39'] {\n  errno: -20,\n  code: 'ENOTDIR',\n  syscall: 'open',\n  path: '/GuriRaadi/public/tmp/uploads/3c4827d171ef80965094c99c4b9c1c39/3c4827d171ef80965094c99c4b9c1c39'\n}"}
{"level":"error","message":"Error Handler received a none error instance with value - [Error: ENOTDIR: not a directory, open '/GuriRaadi/public/tmp/uploads/976ff4af7cfa448fae4aa64f8a3e99a1/976ff4af7cfa448fae4aa64f8a3e99a1'] {\n  errno: -20,\n  code: 'ENOTDIR',\n  syscall: 'open',\n  path: '/GuriRaadi/public/tmp/uploads/976ff4af7cfa448fae4aa64f8a3e99a1/976ff4af7cfa448fae4aa64f8a3e99a1'\n}"}
{"level":"error","message":"Error Handler received a none error instance with value - [Error: ENOTDIR: not a directory, open '/GuriRaadi/public/tmp/uploads/8e6314b6889e785a8659d7cefd6d194c/8e6314b6889e785a8659d7cefd6d194c'] {\n  errno: -20,\n  code: 'ENOTDIR',\n  syscall: 'open',\n  path: '/GuriRaadi/public/tmp/uploads/8e6314b6889e785a8659d7cefd6d194c/8e6314b6889e785a8659d7cefd6d194c'\n}"}
{"level":"error","message":"Error Handler received a none error instance with value - [Error: ENOTDIR: not a directory, open '/GuriRaadi/public/tmp/uploads/c180c848d3c017c4b13d5f8f43586cc8/c180c848d3c017c4b13d5f8f43586cc8.undefined'] {\n  errno: -20,\n  code: 'ENOTDIR',\n  syscall: 'open',\n  path: '/GuriRaadi/public/tmp/uploads/c180c848d3c017c4b13d5f8f43586cc8/c180c848d3c017c4b13d5f8f43586cc8.undefined'\n}"}
{"level":"error","message":"Error Handler received a none error instance with value - [Error: ENOTDIR: not a directory, open '/GuriRaadi/public/tmp/uploads/8f6430855bdd44d969f0d788f57cd7d9/8f6430855bdd44d969f0d788f57cd7d9.undefined'] {\n  errno: -20,\n  code: 'ENOTDIR',\n  syscall: 'open',\n  path: '/GuriRaadi/public/tmp/uploads/8f6430855bdd44d969f0d788f57cd7d9/8f6430855bdd44d969f0d788f57cd7d9.undefined'\n}"}
{"level":"error","message":"Error Handler received a none error instance with value - [Error: ENOTDIR: not a directory, open '/GuriRaadi/public/tmp/uploads/8f03428ddb01e5c976cd575d024bd231/8f03428ddb01e5c976cd575d024bd231.undefined'] {\n  errno: -20,\n  code: 'ENOTDIR',\n  syscall: 'open',\n  path: '/GuriRaadi/public/tmp/uploads/8f03428ddb01e5c976cd575d024bd231/8f03428ddb01e5c976cd575d024bd231.undefined'\n}"}
{"level":"error","message":"Error Handler received a none error instance with value - [Error: ENOTDIR: not a directory, open '/GuriRaadi/public/tmp/uploads/6231d7f319c9b8eb7e23a3958dc91980/6231d7f319c9b8eb7e23a3958dc91980.undefined'] {\n  errno: -20,\n  code: 'ENOTDIR',\n  syscall: 'open',\n  path: '/GuriRaadi/public/tmp/uploads/6231d7f319c9b8eb7e23a3958dc91980/6231d7f319c9b8eb7e23a3958dc91980.undefined'\n}"}
{"level":"error","message":"Error Handler received a none error instance with value - [Error: ENOTDIR: not a directory, open '/GuriRaadi/public/tmp/uploads/71e3cfdf80d56a4274c337a6aafeaaba/71e3cfdf80d56a4274c337a6aafeaaba.jpeg'] {\n  errno: -20,\n  code: 'ENOTDIR',\n  syscall: 'open',\n  path: '/GuriRaadi/public/tmp/uploads/71e3cfdf80d56a4274c337a6aafeaaba/71e3cfdf80d56a4274c337a6aafeaaba.jpeg'\n}"}
{"level":"error","message":"Error Handler received a none error instance with value - [Error: ENOTDIR: not a directory, open '/GuriRaadi/public/tmp/uploads/80dcd8fbcbbe88f4e2021bb1b11a5f0f/80dcd8fbcbbe88f4e2021bb1b11a5f0f.jpeg'] {\n  errno: -20,\n  code: 'ENOTDIR',\n  syscall: 'open',\n  path: '/GuriRaadi/public/tmp/uploads/80dcd8fbcbbe88f4e2021bb1b11a5f0f/80dcd8fbcbbe88f4e2021bb1b11a5f0f.jpeg'\n}"}
{"level":"error","message":"Error Handler received a none error instance with value - [Error: ENOTDIR: not a directory, open '/GuriRaadi/home_images__1667389383381.jpg/home_images__1667389383381.jpg.jpeg'] {\n  errno: -20,\n  code: 'ENOTDIR',\n  syscall: 'open',\n  path: '/GuriRaadi/home_images__1667389383381.jpg/home_images__1667389383381.jpg.jpeg'\n}"}
{"level":"error","message":"Error Handler received a none error instance with value - [Error: ENOTDIR: not a directory, open '/GuriRaadi/home_images__1667389383387.jpg/home_images__1667389383387.jpg.jpeg'] {\n  errno: -20,\n  code: 'ENOTDIR',\n  syscall: 'open',\n  path: '/GuriRaadi/home_images__1667389383387.jpg/home_images__1667389383387.jpg.jpeg'\n}"}
{"level":"error","message":"Error Handler received a none error instance with value - [Error: ENOTDIR: not a directory, open '/GuriRaadi/home_images__1667389397615.jpg/home_images__1667389397615.jpg.jpeg'] {\n  errno: -20,\n  code: 'ENOTDIR',\n  syscall: 'open',\n  path: '/GuriRaadi/home_images__1667389397615.jpg/home_images__1667389397615.jpg.jpeg'\n}"}
{"level":"error","message":"Error Handler received a none error instance with value - [Error: ENOTDIR: not a directory, open '/GuriRaadi/home_images__1667389397618.jpg/home_images__1667389397618.jpg.jpeg'] {\n  errno: -20,\n  code: 'ENOTDIR',\n  syscall: 'open',\n  path: '/GuriRaadi/home_images__1667389397618.jpg/home_images__1667389397618.jpg.jpeg'\n}"}
{"level":"error","message":"Error Handler received a none error instance with value - [Error: ENOTDIR: not a directory, open '/public/tmp/uploads/home_images__1667389546131.jpg/home_images__1667389546131.jpg.jpeg'] {\n  errno: -20,\n  code: 'ENOTDIR',\n  syscall: 'open',\n  path: '/public/tmp/uploads/home_images__1667389546131.jpg/home_images__1667389546131.jpg.jpeg'\n}"}
{"level":"error","message":"Error Handler received a none error instance with value - [Error: ENOTDIR: not a directory, open '/public/tmp/uploads/home_images__1667389546135.jpg/home_images__1667389546135.jpg.jpeg'] {\n  errno: -20,\n  code: 'ENOTDIR',\n  syscall: 'open',\n  path: '/public/tmp/uploads/home_images__1667389546135.jpg/home_images__1667389546135.jpg.jpeg'\n}"}
{"level":"error","message":"Error Handler received a none error instance with value - [Error: ENOENT: no such file or directory, open '/GuriRaadi/public/tmp/uploads/home_images__1667389620931.jpg'] {\n  errno: -2,\n  code: 'ENOENT',\n  syscall: 'open',\n  path: '/GuriRaadi/public/tmp/uploads/home_images__1667389620931.jpg',\n  storageErrors: [],\n  isTrusted: true\n}"}
{"level":"error","message":"Error Handler received a none error instance with value - [Error: ENOTDIR: not a directory, open '/GuriRaadi/public/tmp/uploads/home_images__1667389656744.jpg/home_images__1667389656744.jpg.jpeg'] {\n  errno: -20,\n  code: 'ENOTDIR',\n  syscall: 'open',\n  path: '/GuriRaadi/public/tmp/uploads/home_images__1667389656744.jpg/home_images__1667389656744.jpg.jpeg'\n}"}
{"level":"error","message":"Error Handler received a none error instance with value - [Error: ENOTDIR: not a directory, open '/GuriRaadi/public/tmp/uploads/home_images__1667389656747.jpg/home_images__1667389656747.jpg.jpeg'] {\n  errno: -20,\n  code: 'ENOTDIR',\n  syscall: 'open',\n  path: '/GuriRaadi/public/tmp/uploads/home_images__1667389656747.jpg/home_images__1667389656747.jpg.jpeg'\n}"}
{"level":"error","message":"Error Handler received a none error instance with value - [Error: ENOTDIR: not a directory, open '/GuriRaadi/public/tmp/uploads/home_images__1667391077967.jpg/home_images__1667391077967.jpg'] {\n  errno: -20,\n  code: 'ENOTDIR',\n  syscall: 'open',\n  path: '/GuriRaadi/public/tmp/uploads/home_images__1667391077967.jpg/home_images__1667391077967.jpg'\n}"}
{"level":"error","message":"Error Handler received a none error instance with value - [Error: ENOTDIR: not a directory, open '/GuriRaadi/public/tmp/uploads/home_images__1667391077972.jpg/home_images__1667391077972.jpg'] {\n  errno: -20,\n  code: 'ENOTDIR',\n  syscall: 'open',\n  path: '/GuriRaadi/public/tmp/uploads/home_images__1667391077972.jpg/home_images__1667391077972.jpg'\n}"}
{"level":"error","message":"Error Handler received a none error instance with value - [Error: ENOENT: no such file or directory, open '/GuriRaadi/public/tmp/uploads/home_images__1667391097000.jpg'] {\n  errno: -2,\n  code: 'ENOENT',\n  syscall: 'open',\n  path: '/GuriRaadi/public/tmp/uploads/home_images__1667391097000.jpg',\n  storageErrors: [],\n  isTrusted: true\n}"}
{"level":"error","message":"Error Handler received a none error instance with value - [Error: ENOTDIR: not a directory, open '/GuriRaadi/public/tmp/uploads/home_images__1667391116832.jpg/home_images__1667391116832.jpg'] {\n  errno: -20,\n  code: 'ENOTDIR',\n  syscall: 'open',\n  path: '/GuriRaadi/public/tmp/uploads/home_images__1667391116832.jpg/home_images__1667391116832.jpg'\n}"}
{"level":"error","message":"Error Handler received a none error instance with value - [Error: ENOTDIR: not a directory, open '/GuriRaadi/public/tmp/uploads/home_images__1667391116835.jpg/home_images__1667391116835.jpg'] {\n  errno: -20,\n  code: 'ENOTDIR',\n  syscall: 'open',\n  path: '/GuriRaadi/public/tmp/uploads/home_images__1667391116835.jpg/home_images__1667391116835.jpg'\n}"}
{"level":"error","message":"Error Handler received a none error instance with value - [Error: ENOTDIR: not a directory, open '/GuriRaadi/public/tmp/uploads/home_images__1667391435594.jpg/home_images__1667391435594.jpg'] {\n  errno: -20,\n  code: 'ENOTDIR',\n  syscall: 'open',\n  path: '/GuriRaadi/public/tmp/uploads/home_images__1667391435594.jpg/home_images__1667391435594.jpg'\n}"}
{"level":"error","message":"Error Handler received a none error instance with value - [Error: ENOTDIR: not a directory, open '/GuriRaadi/public/tmp/uploads/home_images__1667391435599.jpg/home_images__1667391435599.jpg'] {\n  errno: -20,\n  code: 'ENOTDIR',\n  syscall: 'open',\n  path: '/GuriRaadi/public/tmp/uploads/home_images__1667391435599.jpg/home_images__1667391435599.jpg'\n}"}
{"level":"error","message":"Error Handler received a none error instance with value - [Error: ENOTDIR: not a directory, open '/GuriRaadi/public/tmp/uploads/home_images__1667391572799.jpg/home_images__1667391572799.jpg'] {\n  errno: -20,\n  code: 'ENOTDIR',\n  syscall: 'open',\n  path: '/GuriRaadi/public/tmp/uploads/home_images__1667391572799.jpg/home_images__1667391572799.jpg'\n}"}
{"level":"error","message":"Error Handler received a none error instance with value - [Error: ENOTDIR: not a directory, open '/GuriRaadi/public/tmp/uploads/home_images__1667391572804.jpg/home_images__1667391572804.jpg'] {\n  errno: -20,\n  code: 'ENOTDIR',\n  syscall: 'open',\n  path: '/GuriRaadi/public/tmp/uploads/home_images__1667391572804.jpg/home_images__1667391572804.jpg'\n}"}
